<?xml version="1.0" encoding="utf-8" standalone="no"?>
<!--This file represents the results of running a test suite-->
<test-results name="E:\Development\C#projects\Kurogane.Data\KurograneTransferDBTool\KurograneTransferDBTool\bin\Debug\KurograneTransferDBTool.dll" total="1" errors="0" failures="0" not-run="0" inconclusive="0" ignored="0" skipped="0" invalid="0" date="2016-04-03" time="14:07:22">
  <environment nunit-version="2.6.4.14350" clr-version="2.0.50727.8670" os-version="Microsoft Windows NT 6.2.9200.0" platform="Win32NT" cwd="E:\Development\Utilities\NUnit-2.6.4\bin" machine-name="***REMOVED***" user="Jordan" user-domain="***REMOVED***" />
  <culture-info current-culture="en-US" current-uiculture="en-US" />
  <test-suite type="Assembly" name="E:\Development\C#projects\Kurogane.Data\KurograneTransferDBTool\KurograneTransferDBTool\bin\Debug\KurograneTransferDBTool.dll" executed="True" result="Success" success="True" time="44.643" asserts="0">
    <results>
      <test-suite type="Namespace" name="KurograneTransferDBTool" executed="True" result="Success" success="True" time="44.643" asserts="0">
        <results>
          <test-suite type="TestFixture" name="Loader" executed="True" result="Success" success="True" time="44.643" asserts="0">
            <results>
              <test-case name="KurograneTransferDBTool.Loader.ReloadMoves" executed="True" result="Success" success="True" time="44.642" asserts="3194" />
            </results>
          </test-suite>
        </results>
      </test-suite>
    </results>
  </test-suite>
</test-results>