<?xml version="1.0" encoding="utf-8" standalone="no"?>
<!--This file represents the results of running a test suite-->
<test-results name="E:\Development\C#projects\Kurogane.Data\KuroganeHammer.Data\AccountRegistrationTool\bin\Debug\AccountRegistrationTool.exe" total="1" errors="0" failures="1" not-run="0" inconclusive="0" ignored="0" skipped="0" invalid="0" date="2016-04-16" time="09:36:38">
  <environment nunit-version="2.6.4.14350" clr-version="2.0.50727.8689" os-version="Microsoft Windows NT 6.2.9200.0" platform="Win32NT" cwd="E:\Development\Utilities\NUnit-2.6.4\bin" machine-name="***REMOVED***" user="Jordan" user-domain="***REMOVED***" />
  <culture-info current-culture="en-US" current-uiculture="en-US" />
  <test-suite type="Assembly" name="E:\Development\C#projects\Kurogane.Data\KuroganeHammer.Data\AccountRegistrationTool\bin\Debug\AccountRegistrationTool.exe" executed="True" result="Failure" success="False" time="11.522" asserts="0">
    <results>
      <test-suite type="Namespace" name="AccountRegistrationTool" executed="True" result="Failure" success="False" time="11.521" asserts="0">
        <results>
          <test-suite type="Namespace" name="Tests" executed="True" result="Failure" success="False" time="11.521" asserts="0">
            <results>
              <test-suite type="TestFixture" name="ServiceHandlerTest" executed="True" result="Failure" success="False" time="11.521" asserts="0">
                <results>
                  <test-case name="AccountRegistrationTool.Tests.ServiceHandlerTest.ShouldCreateUser" executed="True" result="Failure" success="False" time="11.520" asserts="1">
                    <failure>
                      <message><![CDATA[  Expected: No Exception to be thrown
  But was:   (BadRequest
Bad Request)
   at AccountRegistrationTool.ServiceHandler.RegisterNewUser(RegisterUserModel model) in E:\Development\C#projects\Kurogane.Data\KuroganeHammer.Data\AccountRegistrationTool\ServiceHandler.cs:line 58
   at AccountRegistrationTool.Tests.ServiceHandlerTest.<>c__DisplayClass3_0.<ShouldCreateUser>b__0() in E:\Development\C#projects\Kurogane.Data\KuroganeHammer.Data\AccountRegistrationTool\Tests\ServiceHandlerTest.cs:line 49
   at NUnit.Framework.Constraints.VoidInvocationDescriptor.Invoke()
   at NUnit.Framework.Constraints.ExceptionInterceptor.Intercept(Object invocation)
]]></message>
                      <stack-trace><![CDATA[at AccountRegistrationTool.Tests.ServiceHandlerTest.ShouldCreateUser() in E:\Development\C#projects\Kurogane.Data\KuroganeHammer.Data\AccountRegistrationTool\Tests\ServiceHandlerTest.cs:line 49
]]></stack-trace>
                    </failure>
                  </test-case>
                </results>
              </test-suite>
            </results>
          </test-suite>
        </results>
      </test-suite>
    </results>
  </test-suite>
</test-results>